<?xml version="1.0" encoding="UTF-8"?>
<testsuite xmlns:xsi="http://www.w3.org/2001/XMLSchema-instance" xsi:noNamespaceSchemaLocation="https://maven.apache.org/surefire/maven-surefire-plugin/xsd/surefire-test-report.xsd" version="3.0.2" name="com.example.graduation_project.GraduationProjectApplicationTests" time="3.663" tests="1" errors="0" skipped="0" failures="0">
  <properties>
    <property name="java.specification.version" value="18"/>
    <property name="sun.cpu.isalist" value="amd64"/>
    <property name="sun.jnu.encoding" value="GBK"/>
    <property name="java.class.path" value="E:\program\graduation_project\target\test-classes;E:\program\graduation_project\target\classes;D:\maven\Maven-Repository\org\springframework\boot\spring-boot-starter-web\3.4.3\spring-boot-starter-web-3.4.3.jar;D:\maven\Maven-Repository\org\springframework\boot\spring-boot-starter\3.4.3\spring-boot-starter-3.4.3.jar;D:\maven\Maven-Repository\org\springframework\boot\spring-boot\3.4.3\spring-boot-3.4.3.jar;D:\maven\Maven-Repository\org\springframework\boot\spring-boot-autoconfigure\3.4.3\spring-boot-autoconfigure-3.4.3.jar;D:\maven\Maven-Repository\org\springframework\boot\spring-boot-starter-logging\3.4.3\spring-boot-starter-logging-3.4.3.jar;D:\maven\Maven-Repository\ch\qos\logback\logback-classic\1.5.16\logback-classic-1.5.16.jar;D:\maven\Maven-Repository\ch\qos\logback\logback-core\1.5.16\logback-core-1.5.16.jar;D:\maven\Maven-Repository\org\apache\logging\log4j\log4j-to-slf4j\2.24.3\log4j-to-slf4j-2.24.3.jar;D:\maven\Maven-Repository\org\slf4j\jul-to-slf4j\2.0.16\jul-to-slf4j-2.0.16.jar;D:\maven\Maven-Repository\jakarta\annotation\jakarta.annotation-api\2.1.1\jakarta.annotation-api-2.1.1.jar;D:\maven\Maven-Repository\org\yaml\snakeyaml\2.3\snakeyaml-2.3.jar;D:\maven\Maven-Repository\org\springframework\boot\spring-boot-starter-json\3.4.3\spring-boot-starter-json-3.4.3.jar;D:\maven\Maven-Repository\com\fasterxml\jackson\core\jackson-databind\2.18.2\jackson-databind-2.18.2.jar;D:\maven\Maven-Repository\com\fasterxml\jackson\core\jackson-annotations\2.18.2\jackson-annotations-2.18.2.jar;D:\maven\Maven-Repository\com\fasterxml\jackson\core\jackson-core\2.18.2\jackson-core-2.18.2.jar;D:\maven\Maven-Repository\com\fasterxml\jackson\datatype\jackson-datatype-jdk8\2.18.2\jackson-datatype-jdk8-2.18.2.jar;D:\maven\Maven-Repository\com\fasterxml\jackson\datatype\jackson-datatype-jsr310\2.18.2\jackson-datatype-jsr310-2.18.2.jar;D:\maven\Maven-Repository\com\fasterxml\jackson\module\jackson-module-parameter-names\2.18.2\jackson-module-parameter-names-2.18.2.jar;D:\maven\Maven-Repository\org\springframework\boot\spring-boot-starter-tomcat\3.4.3\spring-boot-starter-tomcat-3.4.3.jar;D:\maven\Maven-Repository\org\apache\tomcat\embed\tomcat-embed-core\10.1.36\tomcat-embed-core-10.1.36.jar;D:\maven\Maven-Repository\org\apache\tomcat\embed\tomcat-embed-el\10.1.36\tomcat-embed-el-10.1.36.jar;D:\maven\Maven-Repository\org\apache\tomcat\embed\tomcat-embed-websocket\10.1.36\tomcat-embed-websocket-10.1.36.jar;D:\maven\Maven-Repository\org\springframework\spring-web\6.2.3\spring-web-6.2.3.jar;D:\maven\Maven-Repository\org\springframework\spring-beans\6.2.3\spring-beans-6.2.3.jar;D:\maven\Maven-Repository\io\micrometer\micrometer-observation\1.14.4\micrometer-observation-1.14.4.jar;D:\maven\Maven-Repository\io\micrometer\micrometer-commons\1.14.4\micrometer-commons-1.14.4.jar;D:\maven\Maven-Repository\org\springframework\spring-webmvc\6.2.3\spring-webmvc-6.2.3.jar;D:\maven\Maven-Repository\org\springframework\spring-aop\6.2.3\spring-aop-6.2.3.jar;D:\maven\Maven-Repository\org\springframework\spring-context\6.2.3\spring-context-6.2.3.jar;D:\maven\Maven-Repository\org\springframework\spring-expression\6.2.3\spring-expression-6.2.3.jar;D:\maven\Maven-Repository\org\springframework\boot\spring-boot-starter-data-jpa\3.4.3\spring-boot-starter-data-jpa-3.4.3.jar;D:\maven\Maven-Repository\org\springframework\boot\spring-boot-starter-jdbc\3.4.3\spring-boot-starter-jdbc-3.4.3.jar;D:\maven\Maven-Repository\com\zaxxer\HikariCP\5.1.0\HikariCP-5.1.0.jar;D:\maven\Maven-Repository\org\springframework\spring-jdbc\6.2.3\spring-jdbc-6.2.3.jar;D:\maven\Maven-Repository\org\hibernate\orm\hibernate-core\6.6.8.Final\hibernate-core-6.6.8.Final.jar;D:\maven\Maven-Repository\jakarta\persistence\jakarta.persistence-api\3.1.0\jakarta.persistence-api-3.1.0.jar;D:\maven\Maven-Repository\jakarta\transaction\jakarta.transaction-api\2.0.1\jakarta.transaction-api-2.0.1.jar;D:\maven\Maven-Repository\org\jboss\logging\jboss-logging\3.6.1.Final\jboss-logging-3.6.1.Final.jar;D:\maven\Maven-Repository\org\hibernate\common\hibernate-commons-annotations\7.0.3.Final\hibernate-commons-annotations-7.0.3.Final.jar;D:\maven\Maven-Repository\io\smallrye\jandex\3.2.0\jandex-3.2.0.jar;D:\maven\Maven-Repository\com\fasterxml\classmate\1.7.0\classmate-1.7.0.jar;D:\maven\Maven-Repository\net\bytebuddy\byte-buddy\1.15.11\byte-buddy-1.15.11.jar;D:\maven\Maven-Repository\org\glassfish\jaxb\jaxb-runtime\4.0.5\jaxb-runtime-4.0.5.jar;D:\maven\Maven-Repository\org\glassfish\jaxb\jaxb-core\4.0.5\jaxb-core-4.0.5.jar;D:\maven\Maven-Repository\org\eclipse\angus\angus-activation\2.0.2\angus-activation-2.0.2.jar;D:\maven\Maven-Repository\org\glassfish\jaxb\txw2\4.0.5\txw2-4.0.5.jar;D:\maven\Maven-Repository\com\sun\istack\istack-commons-runtime\4.1.2\istack-commons-runtime-4.1.2.jar;D:\maven\Maven-Repository\jakarta\inject\jakarta.inject-api\2.0.1\jakarta.inject-api-2.0.1.jar;D:\maven\Maven-Repository\org\antlr\antlr4-runtime\4.13.0\antlr4-runtime-4.13.0.jar;D:\maven\Maven-Repository\org\springframework\data\spring-data-jpa\3.4.3\spring-data-jpa-3.4.3.jar;D:\maven\Maven-Repository\org\springframework\data\spring-data-commons\3.4.3\spring-data-commons-3.4.3.jar;D:\maven\Maven-Repository\org\springframework\spring-orm\6.2.3\spring-orm-6.2.3.jar;D:\maven\Maven-Repository\org\springframework\spring-tx\6.2.3\spring-tx-6.2.3.jar;D:\maven\Maven-Repository\org\slf4j\slf4j-api\2.0.16\slf4j-api-2.0.16.jar;D:\maven\Maven-Repository\org\springframework\spring-aspects\6.2.3\spring-aspects-6.2.3.jar;D:\maven\Maven-Repository\org\aspectj\aspectjweaver\1.9.22.1\aspectjweaver-1.9.22.1.jar;D:\maven\Maven-Repository\com\mysql\mysql-connector-j\9.1.0\mysql-connector-j-9.1.0.jar;D:\maven\Maven-Repository\org\projectlombok\lombok\1.18.36\lombok-1.18.36.jar;D:\maven\Maven-Repository\org\projectlombok\lombok-mapstruct-binding\0.2.0\lombok-mapstruct-binding-0.2.0.jar;D:\maven\Maven-Repository\org\mapstruct\mapstruct\1.5.5.Final\mapstruct-1.5.5.Final.jar;D:\maven\Maven-Repository\org\apache\poi\poi\5.2.5\poi-5.2.5.jar;D:\maven\Maven-Repository\commons-codec\commons-codec\1.17.2\commons-codec-1.17.2.jar;D:\maven\Maven-Repository\org\apache\commons\commons-collections4\4.4\commons-collections4-4.4.jar;D:\maven\Maven-Repository\org\apache\commons\commons-math3\3.6.1\commons-math3-3.6.1.jar;D:\maven\Maven-Repository\commons-io\commons-io\2.15.0\commons-io-2.15.0.jar;D:\maven\Maven-Repository\com\zaxxer\SparseBitSet\1.3\SparseBitSet-1.3.jar;D:\maven\Maven-Repository\org\apache\logging\log4j\log4j-api\2.24.3\log4j-api-2.24.3.jar;D:\maven\Maven-Repository\org\apache\poi\poi-ooxml\5.2.5\poi-ooxml-5.2.5.jar;D:\maven\Maven-Repository\org\apache\poi\poi-ooxml-lite\5.2.5\poi-ooxml-lite-5.2.5.jar;D:\maven\Maven-Repository\org\apache\xmlbeans\xmlbeans\5.2.0\xmlbeans-5.2.0.jar;D:\maven\Maven-Repository\org\apache\commons\commons-compress\1.25.0\commons-compress-1.25.0.jar;D:\maven\Maven-Repository\com\github\virtuald\curvesapi\1.08\curvesapi-1.08.jar;D:\maven\Maven-Repository\org\springframework\boot\spring-boot-starter-test\3.4.3\spring-boot-starter-test-3.4.3.jar;D:\maven\Maven-Repository\org\springframework\boot\spring-boot-test\3.4.3\spring-boot-test-3.4.3.jar;D:\maven\Maven-Repository\org\springframework\boot\spring-boot-test-autoconfigure\3.4.3\spring-boot-test-autoconfigure-3.4.3.jar;D:\maven\Maven-Repository\com\jayway\jsonpath\json-path\2.9.0\json-path-2.9.0.jar;D:\maven\Maven-Repository\jakarta\xml\bind\jakarta.xml.bind-api\4.0.2\jakarta.xml.bind-api-4.0.2.jar;D:\maven\Maven-Repository\jakarta\activation\jakarta.activation-api\2.1.3\jakarta.activation-api-2.1.3.jar;D:\maven\Maven-Repository\net\minidev\json-smart\2.5.2\json-smart-2.5.2.jar;D:\maven\Maven-Repository\net\minidev\accessors-smart\2.5.2\accessors-smart-2.5.2.jar;D:\maven\Maven-Repository\org\ow2\asm\asm\9.7.1\asm-9.7.1.jar;D:\maven\Maven-Repository\org\assertj\assertj-core\3.26.3\assertj-core-3.26.3.jar;D:\maven\Maven-Repository\org\awaitility\awaitility\4.2.2\awaitility-4.2.2.jar;D:\maven\Maven-Repository\org\hamcrest\hamcrest\2.2\hamcrest-2.2.jar;D:\maven\Maven-Repository\org\junit\jupiter\junit-jupiter\5.11.4\junit-jupiter-5.11.4.jar;D:\maven\Maven-Repository\org\junit\jupiter\junit-jupiter-api\5.11.4\junit-jupiter-api-5.11.4.jar;D:\maven\Maven-Repository\org\opentest4j\opentest4j\1.3.0\opentest4j-1.3.0.jar;D:\maven\Maven-Repository\org\junit\platform\junit-platform-commons\1.11.4\junit-platform-commons-1.11.4.jar;D:\maven\Maven-Repository\org\apiguardian\apiguardian-api\1.1.2\apiguardian-api-1.1.2.jar;D:\maven\Maven-Repository\org\junit\jupiter\junit-jupiter-params\5.11.4\junit-jupiter-params-5.11.4.jar;D:\maven\Maven-Repository\org\junit\jupiter\junit-jupiter-engine\5.11.4\junit-jupiter-engine-5.11.4.jar;D:\maven\Maven-Repository\org\junit\platform\junit-platform-engine\1.11.4\junit-platform-engine-1.11.4.jar;D:\maven\Maven-Repository\org\mockito\mockito-core\5.14.2\mockito-core-5.14.2.jar;D:\maven\Maven-Repository\net\bytebuddy\byte-buddy-agent\1.15.11\byte-buddy-agent-1.15.11.jar;D:\maven\Maven-Repository\org\objenesis\objenesis\3.3\objenesis-3.3.jar;D:\maven\Maven-Repository\org\mockito\mockito-junit-jupiter\5.14.2\mockito-junit-jupiter-5.14.2.jar;D:\maven\Maven-Repository\org\skyscreamer\jsonassert\1.5.3\jsonassert-1.5.3.jar;D:\maven\Maven-Repository\com\vaadin\external\google\android-json\0.0.20131108.vaadin1\android-json-0.0.20131108.vaadin1.jar;D:\maven\Maven-Repository\org\springframework\spring-core\6.2.3\spring-core-6.2.3.jar;D:\maven\Maven-Repository\org\springframework\spring-jcl\6.2.3\spring-jcl-6.2.3.jar;D:\maven\Maven-Repository\org\springframework\spring-test\6.2.3\spring-test-6.2.3.jar;D:\maven\Maven-Repository\org\xmlunit\xmlunit-core\2.10.0\xmlunit-core-2.10.0.jar;"/>
    <property name="java.vm.vendor" value="Oracle Corporation"/>
    <property name="sun.arch.data.model" value="64"/>
    <property name="user.variant" value=""/>
    <property name="java.vendor.url" value="https://java.oracle.com/"/>
    <property name="user.timezone" value="Asia/Shanghai"/>
    <property name="org.jboss.logging.provider" value="slf4j"/>
    <property name="os.name" value="Windows 10"/>
    <property name="java.vm.specification.version" value="18"/>
    <property name="sun.java.launcher" value="SUN_STANDARD"/>
    <property name="user.country" value="CN"/>
    <property name="sun.boot.library.path" value="c:\program files\Java\jdk-18.0.1.1\bin"/>
    <property name="sun.java.command" value="C:\Users\磊\AppData\Local\Temp\surefire12484985179325213586\surefirebooter-20250322135410713_3.jar C:\Users\磊\AppData\Local\Temp\surefire12484985179325213586 2025-03-22T13-54-07_961-jvmRun1 surefire-20250322135410713_1tmp surefire_0-20250322135410713_2tmp"/>
    <property name="jdk.debug" value="release"/>
    <property name="surefire.test.class.path" value="E:\program\graduation_project\target\test-classes;E:\program\graduation_project\target\classes;D:\maven\Maven-Repository\org\springframework\boot\spring-boot-starter-web\3.4.3\spring-boot-starter-web-3.4.3.jar;D:\maven\Maven-Repository\org\springframework\boot\spring-boot-starter\3.4.3\spring-boot-starter-3.4.3.jar;D:\maven\Maven-Repository\org\springframework\boot\spring-boot\3.4.3\spring-boot-3.4.3.jar;D:\maven\Maven-Repository\org\springframework\boot\spring-boot-autoconfigure\3.4.3\spring-boot-autoconfigure-3.4.3.jar;D:\maven\Maven-Repository\org\springframework\boot\spring-boot-starter-logging\3.4.3\spring-boot-starter-logging-3.4.3.jar;D:\maven\Maven-Repository\ch\qos\logback\logback-classic\1.5.16\logback-classic-1.5.16.jar;D:\maven\Maven-Repository\ch\qos\logback\logback-core\1.5.16\logback-core-1.5.16.jar;D:\maven\Maven-Repository\org\apache\logging\log4j\log4j-to-slf4j\2.24.3\log4j-to-slf4j-2.24.3.jar;D:\maven\Maven-Repository\org\slf4j\jul-to-slf4j\2.0.16\jul-to-slf4j-2.0.16.jar;D:\maven\Maven-Repository\jakarta\annotation\jakarta.annotation-api\2.1.1\jakarta.annotation-api-2.1.1.jar;D:\maven\Maven-Repository\org\yaml\snakeyaml\2.3\snakeyaml-2.3.jar;D:\maven\Maven-Repository\org\springframework\boot\spring-boot-starter-json\3.4.3\spring-boot-starter-json-3.4.3.jar;D:\maven\Maven-Repository\com\fasterxml\jackson\core\jackson-databind\2.18.2\jackson-databind-2.18.2.jar;D:\maven\Maven-Repository\com\fasterxml\jackson\core\jackson-annotations\2.18.2\jackson-annotations-2.18.2.jar;D:\maven\Maven-Repository\com\fasterxml\jackson\core\jackson-core\2.18.2\jackson-core-2.18.2.jar;D:\maven\Maven-Repository\com\fasterxml\jackson\datatype\jackson-datatype-jdk8\2.18.2\jackson-datatype-jdk8-2.18.2.jar;D:\maven\Maven-Repository\com\fasterxml\jackson\datatype\jackson-datatype-jsr310\2.18.2\jackson-datatype-jsr310-2.18.2.jar;D:\maven\Maven-Repository\com\fasterxml\jackson\module\jackson-module-parameter-names\2.18.2\jackson-module-parameter-names-2.18.2.jar;D:\maven\Maven-Repository\org\springframework\boot\spring-boot-starter-tomcat\3.4.3\spring-boot-starter-tomcat-3.4.3.jar;D:\maven\Maven-Repository\org\apache\tomcat\embed\tomcat-embed-core\10.1.36\tomcat-embed-core-10.1.36.jar;D:\maven\Maven-Repository\org\apache\tomcat\embed\tomcat-embed-el\10.1.36\tomcat-embed-el-10.1.36.jar;D:\maven\Maven-Repository\org\apache\tomcat\embed\tomcat-embed-websocket\10.1.36\tomcat-embed-websocket-10.1.36.jar;D:\maven\Maven-Repository\org\springframework\spring-web\6.2.3\spring-web-6.2.3.jar;D:\maven\Maven-Repository\org\springframework\spring-beans\6.2.3\spring-beans-6.2.3.jar;D:\maven\Maven-Repository\io\micrometer\micrometer-observation\1.14.4\micrometer-observation-1.14.4.jar;D:\maven\Maven-Repository\io\micrometer\micrometer-commons\1.14.4\micrometer-commons-1.14.4.jar;D:\maven\Maven-Repository\org\springframework\spring-webmvc\6.2.3\spring-webmvc-6.2.3.jar;D:\maven\Maven-Repository\org\springframework\spring-aop\6.2.3\spring-aop-6.2.3.jar;D:\maven\Maven-Repository\org\springframework\spring-context\6.2.3\spring-context-6.2.3.jar;D:\maven\Maven-Repository\org\springframework\spring-expression\6.2.3\spring-expression-6.2.3.jar;D:\maven\Maven-Repository\org\springframework\boot\spring-boot-starter-data-jpa\3.4.3\spring-boot-starter-data-jpa-3.4.3.jar;D:\maven\Maven-Repository\org\springframework\boot\spring-boot-starter-jdbc\3.4.3\spring-boot-starter-jdbc-3.4.3.jar;D:\maven\Maven-Repository\com\zaxxer\HikariCP\5.1.0\HikariCP-5.1.0.jar;D:\maven\Maven-Repository\org\springframework\spring-jdbc\6.2.3\spring-jdbc-6.2.3.jar;D:\maven\Maven-Repository\org\hibernate\orm\hibernate-core\6.6.8.Final\hibernate-core-6.6.8.Final.jar;D:\maven\Maven-Repository\jakarta\persistence\jakarta.persistence-api\3.1.0\jakarta.persistence-api-3.1.0.jar;D:\maven\Maven-Repository\jakarta\transaction\jakarta.transaction-api\2.0.1\jakarta.transaction-api-2.0.1.jar;D:\maven\Maven-Repository\org\jboss\logging\jboss-logging\3.6.1.Final\jboss-logging-3.6.1.Final.jar;D:\maven\Maven-Repository\org\hibernate\common\hibernate-commons-annotations\7.0.3.Final\hibernate-commons-annotations-7.0.3.Final.jar;D:\maven\Maven-Repository\io\smallrye\jandex\3.2.0\jandex-3.2.0.jar;D:\maven\Maven-Repository\com\fasterxml\classmate\1.7.0\classmate-1.7.0.jar;D:\maven\Maven-Repository\net\bytebuddy\byte-buddy\1.15.11\byte-buddy-1.15.11.jar;D:\maven\Maven-Repository\org\glassfish\jaxb\jaxb-runtime\4.0.5\jaxb-runtime-4.0.5.jar;D:\maven\Maven-Repository\org\glassfish\jaxb\jaxb-core\4.0.5\jaxb-core-4.0.5.jar;D:\maven\Maven-Repository\org\eclipse\angus\angus-activation\2.0.2\angus-activation-2.0.2.jar;D:\maven\Maven-Repository\org\glassfish\jaxb\txw2\4.0.5\txw2-4.0.5.jar;D:\maven\Maven-Repository\com\sun\istack\istack-commons-runtime\4.1.2\istack-commons-runtime-4.1.2.jar;D:\maven\Maven-Repository\jakarta\inject\jakarta.inject-api\2.0.1\jakarta.inject-api-2.0.1.jar;D:\maven\Maven-Repository\org\antlr\antlr4-runtime\4.13.0\antlr4-runtime-4.13.0.jar;D:\maven\Maven-Repository\org\springframework\data\spring-data-jpa\3.4.3\spring-data-jpa-3.4.3.jar;D:\maven\Maven-Repository\org\springframework\data\spring-data-commons\3.4.3\spring-data-commons-3.4.3.jar;D:\maven\Maven-Repository\org\springframework\spring-orm\6.2.3\spring-orm-6.2.3.jar;D:\maven\Maven-Repository\org\springframework\spring-tx\6.2.3\spring-tx-6.2.3.jar;D:\maven\Maven-Repository\org\slf4j\slf4j-api\2.0.16\slf4j-api-2.0.16.jar;D:\maven\Maven-Repository\org\springframework\spring-aspects\6.2.3\spring-aspects-6.2.3.jar;D:\maven\Maven-Repository\org\aspectj\aspectjweaver\1.9.22.1\aspectjweaver-1.9.22.1.jar;D:\maven\Maven-Repository\com\mysql\mysql-connector-j\9.1.0\mysql-connector-j-9.1.0.jar;D:\maven\Maven-Repository\org\projectlombok\lombok\1.18.36\lombok-1.18.36.jar;D:\maven\Maven-Repository\org\projectlombok\lombok-mapstruct-binding\0.2.0\lombok-mapstruct-binding-0.2.0.jar;D:\maven\Maven-Repository\org\mapstruct\mapstruct\1.5.5.Final\mapstruct-1.5.5.Final.jar;D:\maven\Maven-Repository\org\apache\poi\poi\5.2.5\poi-5.2.5.jar;D:\maven\Maven-Repository\commons-codec\commons-codec\1.17.2\commons-codec-1.17.2.jar;D:\maven\Maven-Repository\org\apache\commons\commons-collections4\4.4\commons-collections4-4.4.jar;D:\maven\Maven-Repository\org\apache\commons\commons-math3\3.6.1\commons-math3-3.6.1.jar;D:\maven\Maven-Repository\commons-io\commons-io\2.15.0\commons-io-2.15.0.jar;D:\maven\Maven-Repository\com\zaxxer\SparseBitSet\1.3\SparseBitSet-1.3.jar;D:\maven\Maven-Repository\org\apache\logging\log4j\log4j-api\2.24.3\log4j-api-2.24.3.jar;D:\maven\Maven-Repository\org\apache\poi\poi-ooxml\5.2.5\poi-ooxml-5.2.5.jar;D:\maven\Maven-Repository\org\apache\poi\poi-ooxml-lite\5.2.5\poi-ooxml-lite-5.2.5.jar;D:\maven\Maven-Repository\org\apache\xmlbeans\xmlbeans\5.2.0\xmlbeans-5.2.0.jar;D:\maven\Maven-Repository\org\apache\commons\commons-compress\1.25.0\commons-compress-1.25.0.jar;D:\maven\Maven-Repository\com\github\virtuald\curvesapi\1.08\curvesapi-1.08.jar;D:\maven\Maven-Repository\org\springframework\boot\spring-boot-starter-test\3.4.3\spring-boot-starter-test-3.4.3.jar;D:\maven\Maven-Repository\org\springframework\boot\spring-boot-test\3.4.3\spring-boot-test-3.4.3.jar;D:\maven\Maven-Repository\org\springframework\boot\spring-boot-test-autoconfigure\3.4.3\spring-boot-test-autoconfigure-3.4.3.jar;D:\maven\Maven-Repository\com\jayway\jsonpath\json-path\2.9.0\json-path-2.9.0.jar;D:\maven\Maven-Repository\jakarta\xml\bind\jakarta.xml.bind-api\4.0.2\jakarta.xml.bind-api-4.0.2.jar;D:\maven\Maven-Repository\jakarta\activation\jakarta.activation-api\2.1.3\jakarta.activation-api-2.1.3.jar;D:\maven\Maven-Repository\net\minidev\json-smart\2.5.2\json-smart-2.5.2.jar;D:\maven\Maven-Repository\net\minidev\accessors-smart\2.5.2\accessors-smart-2.5.2.jar;D:\maven\Maven-Repository\org\ow2\asm\asm\9.7.1\asm-9.7.1.jar;D:\maven\Maven-Repository\org\assertj\assertj-core\3.26.3\assertj-core-3.26.3.jar;D:\maven\Maven-Repository\org\awaitility\awaitility\4.2.2\awaitility-4.2.2.jar;D:\maven\Maven-Repository\org\hamcrest\hamcrest\2.2\hamcrest-2.2.jar;D:\maven\Maven-Repository\org\junit\jupiter\junit-jupiter\5.11.4\junit-jupiter-5.11.4.jar;D:\maven\Maven-Repository\org\junit\jupiter\junit-jupiter-api\5.11.4\junit-jupiter-api-5.11.4.jar;D:\maven\Maven-Repository\org\opentest4j\opentest4j\1.3.0\opentest4j-1.3.0.jar;D:\maven\Maven-Repository\org\junit\platform\junit-platform-commons\1.11.4\junit-platform-commons-1.11.4.jar;D:\maven\Maven-Repository\org\apiguardian\apiguardian-api\1.1.2\apiguardian-api-1.1.2.jar;D:\maven\Maven-Repository\org\junit\jupiter\junit-jupiter-params\5.11.4\junit-jupiter-params-5.11.4.jar;D:\maven\Maven-Repository\org\junit\jupiter\junit-jupiter-engine\5.11.4\junit-jupiter-engine-5.11.4.jar;D:\maven\Maven-Repository\org\junit\platform\junit-platform-engine\1.11.4\junit-platform-engine-1.11.4.jar;D:\maven\Maven-Repository\org\mockito\mockito-core\5.14.2\mockito-core-5.14.2.jar;D:\maven\Maven-Repository\net\bytebuddy\byte-buddy-agent\1.15.11\byte-buddy-agent-1.15.11.jar;D:\maven\Maven-Repository\org\objenesis\objenesis\3.3\objenesis-3.3.jar;D:\maven\Maven-Repository\org\mockito\mockito-junit-jupiter\5.14.2\mockito-junit-jupiter-5.14.2.jar;D:\maven\Maven-Repository\org\skyscreamer\jsonassert\1.5.3\jsonassert-1.5.3.jar;D:\maven\Maven-Repository\com\vaadin\external\google\android-json\0.0.20131108.vaadin1\android-json-0.0.20131108.vaadin1.jar;D:\maven\Maven-Repository\org\springframework\spring-core\6.2.3\spring-core-6.2.3.jar;D:\maven\Maven-Repository\org\springframework\spring-jcl\6.2.3\spring-jcl-6.2.3.jar;D:\maven\Maven-Repository\org\springframework\spring-test\6.2.3\spring-test-6.2.3.jar;D:\maven\Maven-Repository\org\xmlunit\xmlunit-core\2.10.0\xmlunit-core-2.10.0.jar;"/>
    <property name="sun.cpu.endian" value="little"/>
    <property name="user.home" value="C:\Users\磊"/>
    <property name="user.language" value="zh"/>
    <property name="java.specification.vendor" value="Oracle Corporation"/>
    <property name="java.version.date" value="2022-04-22"/>
    <property name="java.home" value="c:\program files\Java\jdk-18.0.1.1"/>
    <property name="file.separator" value="\"/>
    <property name="basedir" value="E:\program\graduation_project"/>
    <property name="java.vm.compressedOopsMode" value="Zero based"/>
    <property name="line.separator" value="&#10;"/>
    <property name="java.vm.specification.vendor" value="Oracle Corporation"/>
    <property name="java.specification.name" value="Java Platform API Specification"/>
    <property name="FILE_LOG_CHARSET" value="UTF-8"/>
    <property name="java.awt.headless" value="true"/>
    <property name="surefire.real.class.path" value="C:\Users\磊\AppData\Local\Temp\surefire12484985179325213586\surefirebooter-20250322135410713_3.jar"/>
    <property name="user.script" value=""/>
    <property name="sun.management.compiler" value="HotSpot 64-Bit Tiered Compilers"/>
    <property name="java.runtime.version" value="18.0.1.1+2-6"/>
    <property name="user.name" value="磊"/>
    <property name="path.separator" value=";"/>
    <property name="os.version" value="10.0"/>
    <property name="java.runtime.name" value="Java(TM) SE Runtime Environment"/>
    <property name="file.encoding" value="UTF-8"/>
    <property name="java.vm.name" value="Java HotSpot(TM) 64-Bit Server VM"/>
    <property name="localRepository" value="D:\maven\Maven-Repository"/>
    <property name="java.vendor.url.bug" value="https://bugreport.java.com/bugreport/"/>
    <property name="java.io.tmpdir" value="C:\Users\磊\AppData\Local\Temp\"/>
    <property name="com.zaxxer.hikari.pool_number" value="1"/>
    <property name="java.version" value="18.0.1.1"/>
    <property name="user.dir" value="E:\program\graduation_project"/>
    <property name="os.arch" value="amd64"/>
    <property name="java.vm.specification.name" value="Java Virtual Machine Specification"/>
    <property name="PID" value="16144"/>
    <property name="sun.os.patch.level" value=""/>
    <property name="CONSOLE_LOG_CHARSET" value="UTF-8"/>
    <property name="native.encoding" value="GBK"/>
    <property name="java.library.path" value="c:\program files\Java\jdk-18.0.1.1\bin;C:\Windows\Sun\Java\bin;C:\Windows\system32;C:\Windows;c:\program files\Java\jdk-18.0.1.1\bin;c:\users\磊\appdata\local\programs\python\python311\scripts\;:\users\磊\appdata\local\programs\python\python311\;:\users\磊\appdata\local\microsoft\windowsapps;:\vscode\microsoft vs code\bin;c:\vscode\mingw64\bin;c:\program files\jetbrains\intellij idea community edition 2022.3.2\bin;c:\program files\jetbrains\intellij idea 2022.3.2\bin;d:\altera\13.1\modelsim_ase\win32aloem;D:\maven\apache-maven-3.9.5\bin;d:\maven\apache-maven-3.9.5\bin;d:\maven\apache-maven-3.9.5\bin;d:\git\cmd;e:\tomcat\apache-tomcat-9.0.82in;d:\server\bin;c:\program files\java\jdk-18.0.1.1\bin;d:\develop\sqlite;c:\mingw\bin;d:\mingw\mingw64\bin;d:\nodejs\node_global;c:\program files\dotnet\;c:\program files\nvidia corporation\nvidia app\nvdlisr;C:\Program Files (x86)\NVIDIA Corporation\PhysX\Common;D:\nodejs\;C:\Windows\System32;C:\Users\磊\AppData\Local\Programs\Python\Python311\Scripts\;C:\Users\磊\AppData\Local\Programs\Python\Python311\;C:\Users\磊\AppData\Local\Microsoft\WindowsApps;C:\VScode\Microsoft VS Code\bin;C:\VScode\mingw64\bin;C:\Program Files\JetBrains\IntelliJ IDEA Community Edition 2022.3.2\bin;;C:\Program Files\JetBrains\IntelliJ IDEA 2022.3.2\bin;;D:\altera\13.1\modelsim_ase\win32aloem;D:\Server\bin;D:\Server\bin\bin;D:\maven\apache-maven-3.9.5\bin;C:\Windows\System32\WindowsPowerShell\v1.0;;C:\Program Files\JetBrains\CLion 2024.1.1\bin;;D:\MyApp\Ollama&apos;;C:\Users\磊\AppData\Roaming\npm;."/>
    <property name="java.vm.info" value="mixed mode, sharing"/>
    <property name="java.vendor" value="Oracle Corporation"/>
    <property name="java.vm.version" value="18.0.1.1+2-6"/>
    <property name="sun.io.unicode.encoding" value="UnicodeLittle"/>
    <property name="java.class.version" value="62.0"/>
  </properties>
  <testcase name="contextLoads" classname="com.example.graduation_project.GraduationProjectApplicationTests" time="0.373">
    <system-out><![CDATA[13:54:11.429 [main] INFO org.springframework.test.context.support.AnnotationConfigContextLoaderUtils -- Could not detect default configuration classes for test class [com.example.graduation_project.GraduationProjectApplicationTests]: GraduationProjectApplicationTests does not declare any static, non-private, non-final, nested classes annotated with @Configuration.
13:54:11.510 [main] INFO org.springframework.boot.test.context.SpringBootTestContextBootstrapper -- Found @SpringBootConfiguration com.example.graduation_project.GraduationProjectApplication for test class com.example.graduation_project.GraduationProjectApplicationTests

  .   ____          _            __ _ _
 /\\ / ___'_ __ _ _(_)_ __  __ _ \ \ \ \
( ( )\___ | '_ | '_| | '_ \/ _` | \ \ \ \
 \\/  ___)| |_)| | | | | || (_| |  ) ) ) )
  '  |____| .__|_| |_|_| |_\__, | / / / /
 =========|_|==============|___/=/_/_/_/

 :: Spring Boot ::                (v3.4.3)

2025-03-22T13:54:11.801+08:00  INFO 16144 --- [           main] c.e.g.GraduationProjectApplicationTests  : Starting GraduationProjectApplicationTests using Java 18.0.1.1 with PID 16144 (started by 磊 in E:\program\graduation_project)
2025-03-22T13:54:11.802+08:00  INFO 16144 --- [           main] c.e.g.GraduationProjectApplicationTests  : No active profile set, falling back to 1 default profile: "default"
2025-03-22T13:54:12.244+08:00  INFO 16144 --- [           main] .s.d.r.c.RepositoryConfigurationDelegate : Bootstrapping Spring Data JPA repositories in DEFAULT mode.
2025-03-22T13:54:12.290+08:00  INFO 16144 --- [           main] .s.d.r.c.RepositoryConfigurationDelegate : Finished Spring Data repository scanning in 39 ms. Found 1 JPA repository interface.
2025-03-22T13:54:12.631+08:00  INFO 16144 --- [           main] o.hibernate.jpa.internal.util.LogHelper  : HHH000204: Processing PersistenceUnitInfo [name: default]
2025-03-22T13:54:12.672+08:00  INFO 16144 --- [           main] org.hibernate.Version                    : HHH000412: Hibernate ORM core version 6.6.8.Final
2025-03-22T13:54:12.700+08:00  INFO 16144 --- [           main] o.h.c.internal.RegionFactoryInitiator    : HHH000026: Second-level cache disabled
2025-03-22T13:54:13.029+08:00  INFO 16144 --- [           main] o.s.o.j.p.SpringPersistenceUnitInfo      : No LoadTimeWeaver setup: ignoring JPA class transformer
2025-03-22T13:54:13.060+08:00  INFO 16144 --- [           main] com.zaxxer.hikari.HikariDataSource       : HikariPool-1 - Starting...
2025-03-22T13:54:13.343+08:00  INFO 16144 --- [           main] com.zaxxer.hikari.pool.HikariPool        : HikariPool-1 - Added connection com.mysql.cj.jdbc.ConnectionImpl@6abb7b7d
2025-03-22T13:54:13.345+08:00  INFO 16144 --- [           main] com.zaxxer.hikari.HikariDataSource       : HikariPool-1 - Start completed.
2025-03-22T13:54:13.414+08:00  INFO 16144 --- [           main] org.hibernate.orm.connections.pooling    : HHH10001005: Database info:
	Database JDBC URL [Connecting through datasource 'HikariDataSource (HikariPool-1)']
	Database driver: undefined/unknown
	Database version: 8.0.35
	Autocommit mode: undefined/unknown
	Isolation level: undefined/unknown
	Minimum pool size: undefined/unknown
	Maximum pool size: undefined/unknown
2025-03-22T13:54:13.993+08:00  INFO 16144 --- [           main] o.h.e.t.j.p.i.JtaPlatformInitiator       : HHH000489: No JTA platform available (set 'hibernate.transaction.jta.platform' to enable JTA platform integration)
2025-03-22T13:54:14.035+08:00  INFO 16144 --- [           main] j.LocalContainerEntityManagerFactoryBean : Initialized JPA EntityManagerFactory for persistence unit 'default'
2025-03-22T13:54:14.317+08:00  WARN 16144 --- [           main] JpaBaseConfiguration$JpaWebConfiguration : spring.jpa.open-in-view is enabled by default. Therefore, database queries may be performed during view rendering. Explicitly configure spring.jpa.open-in-view to disable this warning
2025-03-22T13:54:14.589+08:00  INFO 16144 --- [           main] c.e.g.GraduationProjectApplicationTests  : Started GraduationProjectApplicationTests in 2.978 seconds (process running for 3.639)
]]></system-out>
  </testcase>
</testsuite>